This is pdfTeX, Version 3.141592653-2.6-1.40.25 (TeX Live 2023) (preloaded format=pdflatex 2024.1.1)  25 SEP 2025 21:22
entering extended mode
 restricted \write18 enabled.
 %&-line parsing enabled.
**cas-dc-template.tex
(./cas-dc-template.tex
LaTeX2e <2022-11-01> patch level 1
L3 programming layer <2023-02-22> (./cas-dc.cls
Document Class: cas-dc 2021/05/11, 2.3: Formatting class for CAS double column 
articles
\c@blind=\count185
\@bls=\dimen140
(d:/Program Files/texlive/2023/texmf-dist/tex/latex/base/article.cls
Document Class: article 2022/07/02 v1.4n Standard LaTeX document class
(d:/Program Files/texlive/2023/texmf-dist/tex/latex/base/size10.clo
File: size10.clo 2022/07/02 v1.4n Standard LaTeX file (size option)
)
\c@part=\count186
\c@section=\count187
\c@subsection=\count188
\c@subsubsection=\count189
\c@paragraph=\count190
\c@subparagraph=\count191
\c@figure=\count192
\c@table=\count193
\abovecaptionskip=\skip48
\belowcaptionskip=\skip49
\bibindent=\dimen141
)
(d:/Program Files/texlive/2023/texmf-dist/tex/latex/graphics/graphicx.sty
Package: graphicx 2021/09/16 v1.2d Enhanced LaTeX Graphics (DPC,SPQR)

(d:/Program Files/texlive/2023/texmf-dist/tex/latex/graphics/keyval.sty
Package: keyval 2022/05/29 v1.15 key=value parser (DPC)
\KV@toks@=\toks16
)
(d:/Program Files/texlive/2023/texmf-dist/tex/latex/graphics/graphics.sty
Package: graphics 2022/03/10 v1.4e Standard LaTeX Graphics (DPC,SPQR)

(d:/Program Files/texlive/2023/texmf-dist/tex/latex/graphics/trig.sty
Package: trig 2021/08/11 v1.11 sin cos tan (DPC)
)
(d:/Program Files/texlive/2023/texmf-dist/tex/latex/graphics-cfg/graphics.cfg
File: graphics.cfg 2016/06/04 v1.11 sample graphics configuration
)
Package graphics Info: Driver file: pdftex.def on input line 107.

(d:/Program Files/texlive/2023/texmf-dist/tex/latex/graphics-def/pdftex.def
File: pdftex.def 2022/09/22 v1.2b Graphics/color driver for pdftex
))
\Gin@req@height=\dimen142
\Gin@req@width=\dimen143
)
(d:/Program Files/texlive/2023/texmf-dist/tex/latex/amsmath/amsmath.sty
Package: amsmath 2022/04/08 v2.17n AMS math features
\@mathmargin=\skip50

For additional information on amsmath, use the `?' option.
(d:/Program Files/texlive/2023/texmf-dist/tex/latex/amsmath/amstext.sty
Package: amstext 2021/08/26 v2.01 AMS text

(d:/Program Files/texlive/2023/texmf-dist/tex/latex/amsmath/amsgen.sty
File: amsgen.sty 1999/11/30 v2.0 generic functions
\@emptytoks=\toks17
\ex@=\dimen144
))
(d:/Program Files/texlive/2023/texmf-dist/tex/latex/amsmath/amsbsy.sty
Package: amsbsy 1999/11/29 v1.2d Bold Symbols
\pmbraise@=\dimen145
)
(d:/Program Files/texlive/2023/texmf-dist/tex/latex/amsmath/amsopn.sty
Package: amsopn 2022/04/08 v2.04 operator names
)
\inf@bad=\count194
LaTeX Info: Redefining \frac on input line 234.
\uproot@=\count195
\leftroot@=\count196
LaTeX Info: Redefining \overline on input line 399.
LaTeX Info: Redefining \colon on input line 410.
\classnum@=\count197
\DOTSCASE@=\count198
LaTeX Info: Redefining \ldots on input line 496.
LaTeX Info: Redefining \dots on input line 499.
LaTeX Info: Redefining \cdots on input line 620.
\Mathstrutbox@=\box51
\strutbox@=\box52
LaTeX Info: Redefining \big on input line 722.
LaTeX Info: Redefining \Big on input line 723.
LaTeX Info: Redefining \bigg on input line 724.
LaTeX Info: Redefining \Bigg on input line 725.
\big@size=\dimen146
LaTeX Font Info:    Redeclaring font encoding OML on input line 743.
LaTeX Font Info:    Redeclaring font encoding OMS on input line 744.
\macc@depth=\count199
LaTeX Info: Redefining \bmod on input line 905.
LaTeX Info: Redefining \pmod on input line 910.
LaTeX Info: Redefining \smash on input line 940.
LaTeX Info: Redefining \relbar on input line 970.
LaTeX Info: Redefining \Relbar on input line 971.
\c@MaxMatrixCols=\count266
\dotsspace@=\muskip16
\c@parentequation=\count267
\dspbrk@lvl=\count268
\tag@help=\toks18
\row@=\count269
\column@=\count270
\maxfields@=\count271
\andhelp@=\toks19
\eqnshift@=\dimen147
\alignsep@=\dimen148
\tagshift@=\dimen149
\tagwidth@=\dimen150
\totwidth@=\dimen151
\lineht@=\dimen152
\@envbody=\toks20
\multlinegap=\skip51
\multlinetaggap=\skip52
\mathdisplay@stack=\toks21
LaTeX Info: Redefining \[ on input line 2953.
LaTeX Info: Redefining \] on input line 2954.
)
(d:/Program Files/texlive/2023/texmf-dist/tex/latex/amsfonts/amsfonts.sty
Package: amsfonts 2013/01/14 v3.01 Basic AMSFonts support
\symAMSa=\mathgroup4
\symAMSb=\mathgroup5
LaTeX Font Info:    Redeclaring math symbol \hbar on input line 98.
LaTeX Font Info:    Overwriting math alphabet `\mathfrak' in version `bold'
(Font)                  U/euf/m/n --> U/euf/b/n on input line 106.
)
(d:/Program Files/texlive/2023/texmf-dist/tex/latex/amsfonts/amssymb.sty
Package: amssymb 2013/01/14 v3.01 AMS font symbols
)
(d:/Program Files/texlive/2023/texmf-dist/tex/latex/l3kernel/expl3.sty
Package: expl3 2023-02-22 L3 programming layer (loader) 

(d:/Program Files/texlive/2023/texmf-dist/tex/latex/l3backend/l3backend-pdftex.
def
File: l3backend-pdftex.def 2023-01-16 L3 backend support: PDF output (pdfTeX)
\l__color_backend_stack_int=\count272
\l__pdf_internal_box=\box53
))
(d:/Program Files/texlive/2023/texmf-dist/tex/latex/l3packages/xparse/xparse.st
y
Package: xparse 2023-02-02 L3 Experimental document command parser
) (d:/Program Files/texlive/2023/texmf-dist/tex/latex/etoolbox/etoolbox.sty
Package: etoolbox 2020/10/05 v2.5k e-TeX tools for LaTeX (JAW)
\etb@tempcnta=\count273
)
(d:/Program Files/texlive/2023/texmf-dist/tex/latex/preprint/balance.sty
Package: balance 1999/02/23 4.3 (PWD)
\oldvsize=\dimen153
)
(d:/Program Files/texlive/2023/texmf-dist/tex/latex/booktabs/booktabs.sty
Package: booktabs 2020/01/12 v1.61803398 Publication quality tables
\heavyrulewidth=\dimen154
\lightrulewidth=\dimen155
\cmidrulewidth=\dimen156
\belowrulesep=\dimen157
\belowbottomsep=\dimen158
\aboverulesep=\dimen159
\abovetopsep=\dimen160
\cmidrulesep=\dimen161
\cmidrulekern=\dimen162
\defaultaddspace=\dimen163
\@cmidla=\count274
\@cmidlb=\count275
\@aboverulesep=\dimen164
\@belowrulesep=\dimen165
\@thisruleclass=\count276
\@lastruleclass=\count277
\@thisrulewidth=\dimen166
)
(d:/Program Files/texlive/2023/texmf-dist/tex/latex/makecell/makecell.sty
Package: makecell 2009/08/03 V0.1e Managing of Tab Column Heads and Cells

(d:/Program Files/texlive/2023/texmf-dist/tex/latex/tools/array.sty
Package: array 2022/09/04 v2.5g Tabular extension package (FMi)
\col@sep=\dimen167
\ar@mcellbox=\box54
\extrarowheight=\dimen168
\NC@list=\toks22
\extratabsurround=\skip53
\backup@length=\skip54
\ar@cellbox=\box55
)
\rotheadsize=\dimen169
\c@nlinenum=\count278
\TeXr@lab=\toks23
)
(d:/Program Files/texlive/2023/texmf-dist/tex/latex/multirow/multirow.sty
Package: multirow 2021/03/15 v2.8 Span multiple rows of a table
\multirow@colwidth=\skip55
\multirow@cntb=\count279
\multirow@dima=\skip56
\bigstrutjot=\dimen170
)
(d:/Program Files/texlive/2023/texmf-dist/tex/latex/colortbl/colortbl.sty
Package: colortbl 2022/06/20 v1.0f Color table columns (DPC)

(d:/Program Files/texlive/2023/texmf-dist/tex/latex/graphics/color.sty
Package: color 2022/01/06 v1.3d Standard LaTeX Color (DPC)

(d:/Program Files/texlive/2023/texmf-dist/tex/latex/graphics-cfg/color.cfg
File: color.cfg 2016/01/02 v1.6 sample color configuration
)
Package color Info: Driver file: pdftex.def on input line 149.

(d:/Program Files/texlive/2023/texmf-dist/tex/latex/graphics/mathcolor.ltx))
\everycr=\toks24
\minrowclearance=\skip57
\rownum=\count280
)
(d:/Program Files/texlive/2023/texmf-dist/tex/latex/tools/dcolumn.sty
Package: dcolumn 2014/10/28 v1.06 decimal alignment package (DPC)
)
(d:/Program Files/texlive/2023/texmf-dist/tex/latex/sttools/stfloats.sty
Package: stfloats 2017/03/27 v3.3 Improve float mechanism and baselineskip sett
ings
\@dblbotnum=\count281
\c@dblbotnumber=\count282
)
(d:/Program Files/texlive/2023/texmf-dist/tex/latex/tools/xspace.sty
Package: xspace 2014/10/28 v1.13 Space after command names (DPC,MH)
)
(d:/Program Files/texlive/2023/texmf-dist/tex/generic/xstring/xstring.sty
(d:/Program Files/texlive/2023/texmf-dist/tex/generic/xstring/xstring.tex
\integerpart=\count283
\decimalpart=\count284
)
Package: xstring 2023/01/14 v1.85 String manipulations (CT)
)
(d:/Program Files/texlive/2023/texmf-dist/tex/latex/footmisc/footmisc.sty
Package: footmisc 2022/03/08 v6.0d a miscellany of footnote facilities
\FN@temptoken=\toks25
\footnotemargin=\dimen171
\@outputbox@depth=\dimen172
Package footmisc Info: Declaring symbol style bringhurst on input line 695.
Package footmisc Info: Declaring symbol style chicago on input line 703.
Package footmisc Info: Declaring symbol style wiley on input line 712.
Package footmisc Info: Declaring symbol style lamport-robust on input line 723.

Package footmisc Info: Declaring symbol style lamport* on input line 743.
Package footmisc Info: Declaring symbol style lamport*-robust on input line 764
.
)
(d:/Program Files/texlive/2023/texmf-dist/tex/latex/xcolor/xcolor.sty
Package: xcolor 2022/06/12 v2.14 LaTeX color extensions (UK)

(d:/Program Files/texlive/2023/texmf-dist/tex/latex/graphics-cfg/color.cfg
File: color.cfg 2016/01/02 v1.6 sample color configuration
)
Package xcolor Info: Driver file: pdftex.def on input line 227.
LaTeX Info: Redefining \color on input line 711.

(d:/Program Files/texlive/2023/texmf-dist/tex/latex/graphics/mathcolor.ltx)
Package xcolor Info: Model `cmy' substituted by `cmy0' on input line 1353.
Package xcolor Info: Model `hsb' substituted by `rgb' on input line 1357.
Package xcolor Info: Model `RGB' extended on input line 1369.
Package xcolor Info: Model `HTML' substituted by `rgb' on input line 1371.
Package xcolor Info: Model `Hsb' substituted by `hsb' on input line 1372.
Package xcolor Info: Model `tHsb' substituted by `hsb' on input line 1373.
Package xcolor Info: Model `HSB' substituted by `hsb' on input line 1374.
Package xcolor Info: Model `Gray' substituted by `gray' on input line 1375.
Package xcolor Info: Model `wave' substituted by `hsb' on input line 1376.

(d:/Program Files/texlive/2023/texmf-dist/tex/latex/graphics/dvipsnam.def
File: dvipsnam.def 2016/06/17 v3.0m Driver-dependent file (DPC,SPQR)
)
(d:/Program Files/texlive/2023/texmf-dist/tex/latex/xcolor/svgnam.def
File: svgnam.def 2022/06/12 v2.14 Predefined colors according to SVG 1.1 (UK)
))
(d:/Program Files/texlive/2023/texmf-dist/tex/latex/hyperref/hyperref.sty
Package: hyperref 2023-02-07 v7.00v Hypertext links for LaTeX

(d:/Program Files/texlive/2023/texmf-dist/tex/generic/ltxcmds/ltxcmds.sty
Package: ltxcmds 2020-05-10 v1.25 LaTeX kernel commands for general use (HO)
)
(d:/Program Files/texlive/2023/texmf-dist/tex/generic/iftex/iftex.sty
Package: iftex 2022/02/03 v1.0f TeX engine tests
)
(d:/Program Files/texlive/2023/texmf-dist/tex/generic/pdftexcmds/pdftexcmds.sty
Package: pdftexcmds 2020-06-27 v0.33 Utility functions of pdfTeX for LuaTeX (HO
)
(d:/Program Files/texlive/2023/texmf-dist/tex/generic/infwarerr/infwarerr.sty
Package: infwarerr 2019/12/03 v1.5 Providing info/warning/error messages (HO)
)
Package pdftexcmds Info: \pdf@primitive is available.
Package pdftexcmds Info: \pdf@ifprimitive is available.
Package pdftexcmds Info: \pdfdraftmode found.
) (d:/Program Files/texlive/2023/texmf-dist/tex/latex/kvsetkeys/kvsetkeys.sty
Package: kvsetkeys 2022-10-05 v1.19 Key value parser (HO)
)
(d:/Program Files/texlive/2023/texmf-dist/tex/generic/kvdefinekeys/kvdefinekeys
.sty
Package: kvdefinekeys 2019-12-19 v1.6 Define keys (HO)
)
(d:/Program Files/texlive/2023/texmf-dist/tex/generic/pdfescape/pdfescape.sty
Package: pdfescape 2019/12/09 v1.15 Implements pdfTeX's escape features (HO)
)
(d:/Program Files/texlive/2023/texmf-dist/tex/latex/hycolor/hycolor.sty
Package: hycolor 2020-01-27 v1.10 Color options for hyperref/bookmark (HO)
)
(d:/Program Files/texlive/2023/texmf-dist/tex/latex/letltxmacro/letltxmacro.sty
Package: letltxmacro 2019/12/03 v1.6 Let assignment for LaTeX macros (HO)
) (d:/Program Files/texlive/2023/texmf-dist/tex/latex/auxhook/auxhook.sty
Package: auxhook 2019-12-17 v1.6 Hooks for auxiliary files (HO)
)
(d:/Program Files/texlive/2023/texmf-dist/tex/latex/hyperref/nameref.sty
Package: nameref 2022-05-17 v2.50 Cross-referencing by name of section

(d:/Program Files/texlive/2023/texmf-dist/tex/latex/refcount/refcount.sty
Package: refcount 2019/12/15 v3.6 Data extraction from label references (HO)
)
(d:/Program Files/texlive/2023/texmf-dist/tex/generic/gettitlestring/gettitlest
ring.sty
Package: gettitlestring 2019/12/15 v1.6 Cleanup title references (HO)

(d:/Program Files/texlive/2023/texmf-dist/tex/latex/kvoptions/kvoptions.sty
Package: kvoptions 2022-06-15 v3.15 Key value format for package options (HO)
))
\c@section@level=\count285
)
\@linkdim=\dimen173
\Hy@linkcounter=\count286
\Hy@pagecounter=\count287

(d:/Program Files/texlive/2023/texmf-dist/tex/latex/hyperref/pd1enc.def
File: pd1enc.def 2023-02-07 v7.00v Hyperref: PDFDocEncoding definition (HO)
Now handling font encoding PD1 ...
... no UTF-8 mapping file for font encoding PD1
)
(d:/Program Files/texlive/2023/texmf-dist/tex/generic/intcalc/intcalc.sty
Package: intcalc 2019/12/15 v1.3 Expandable calculations with integers (HO)
)
(d:/Program Files/texlive/2023/texmf-dist/tex/generic/etexcmds/etexcmds.sty
Package: etexcmds 2019/12/15 v1.7 Avoid name clashes with e-TeX commands (HO)
)
\Hy@SavedSpaceFactor=\count288

(d:/Program Files/texlive/2023/texmf-dist/tex/latex/hyperref/puenc.def
File: puenc.def 2023-02-07 v7.00v Hyperref: PDF Unicode definition (HO)
Now handling font encoding PU ...
... no UTF-8 mapping file for font encoding PU
)
Package hyperref Info: Option `colorlinks' set `true' on input line 4060.
Package hyperref Info: Hyper figures OFF on input line 4177.
Package hyperref Info: Link nesting OFF on input line 4182.
Package hyperref Info: Hyper index ON on input line 4185.
Package hyperref Info: Plain pages OFF on input line 4192.
Package hyperref Info: Backreferencing OFF on input line 4197.
Package hyperref Info: Implicit mode ON; LaTeX internals redefined.
Package hyperref Info: Bookmarks ON on input line 4425.
\c@Hy@tempcnt=\count289

(d:/Program Files/texlive/2023/texmf-dist/tex/latex/url/url.sty
\Urlmuskip=\muskip17
Package: url 2013/09/16  ver 3.4  Verb mode for urls, etc.
)
LaTeX Info: Redefining \url on input line 4763.
\XeTeXLinkMargin=\dimen174

(d:/Program Files/texlive/2023/texmf-dist/tex/generic/bitset/bitset.sty
Package: bitset 2019/12/09 v1.3 Handle bit-vector datatype (HO)

(d:/Program Files/texlive/2023/texmf-dist/tex/generic/bigintcalc/bigintcalc.sty
Package: bigintcalc 2019/12/15 v1.5 Expandable calculations on big integers (HO
)
))
\Fld@menulength=\count290
\Field@Width=\dimen175
\Fld@charsize=\dimen176
Package hyperref Info: Hyper figures OFF on input line 6042.
Package hyperref Info: Link nesting OFF on input line 6047.
Package hyperref Info: Hyper index ON on input line 6050.
Package hyperref Info: backreferencing OFF on input line 6057.
Package hyperref Info: Link coloring ON on input line 6060.
Package hyperref Info: Link coloring with OCG OFF on input line 6067.
Package hyperref Info: PDF/A mode OFF on input line 6072.
 (d:/Program Files/texlive/2023/texmf-dist/tex/latex/base/atbegshi-ltx.sty
Package: atbegshi-ltx 2021/01/10 v1.0c Emulation of the original atbegshi
package with kernel methods
)
\Hy@abspage=\count291
\c@Item=\count292
\c@Hfootnote=\count293
)
Package hyperref Info: Driver (autodetected): hpdftex.

(d:/Program Files/texlive/2023/texmf-dist/tex/latex/hyperref/hpdftex.def
File: hpdftex.def 2023-02-07 v7.00v Hyperref driver for pdfTeX

(d:/Program Files/texlive/2023/texmf-dist/tex/latex/base/atveryend-ltx.sty
Package: atveryend-ltx 2020/08/19 v1.0a Emulation of the original atveryend pac
kage
with kernel methods
)
\Fld@listcount=\count294
\c@bookmark@seq@number=\count295

(d:/Program Files/texlive/2023/texmf-dist/tex/latex/rerunfilecheck/rerunfileche
ck.sty
Package: rerunfilecheck 2022-07-10 v1.10 Rerun checks for auxiliary files (HO)

(d:/Program Files/texlive/2023/texmf-dist/tex/generic/uniquecounter/uniquecount
er.sty
Package: uniquecounter 2019/12/15 v1.4 Provide unlimited unique counter (HO)
)
Package uniquecounter Info: New unique counter `rerunfilecheck' on input line 2
85.
)
\Hy@SectionHShift=\skip58
) (./cas-common.sty
\l_stm_title_before_dim=\dimen177
\l_stm_title_after_dim=\dimen178
\g_ead_int=\count296
\g_uad_int=\count297
\@eadauthor=\toks26
\g_stm_tnote_int=\count298
\g_stm_fnote_int=\count299
\g_stm_cor_int=\count300
\g_stm_au_int=\count301
\g_stm_aau_int=\count302
\l_autype_int=\count303
\l_stm_augroup_before_dim=\dimen179
\l_stm_augroup_after_dim=\dimen180
\l_stm_augroup_lskip_tl=\dimen181
\l_stm_augroup_rskip_tl=\dimen182
\g_stm_aff_int=\count304
\g_stm_aff_ext_int=\count305
\g_stm_aff_int_int=\count306
\g_stm_fn_aff_ext_int=\count307
\g_stm_fn_aff_int_int=\count308
\l_stm_aff_before_dim=\dimen183
\l_stm_aff_after_dim=\dimen184
\l_stm_aff_lskip_dim=\dimen185
\l_stm_aff_rskip_dim=\dimen186
\g_stm_augr_int=\count309
\g_stm_aaugr_int=\count310

(d:/Program Files/texlive/2023/texmf-dist/tex/latex/moreverb/moreverb.sty
Package: moreverb 2008/06/03 v2.3a `more' verbatim facilities

(d:/Program Files/texlive/2023/texmf-dist/tex/latex/tools/verbatim.sty
Package: verbatim 2022-07-02 v1.5u LaTeX2e package for verbatim enhancements
\every@verbatim=\toks27
\verbatim@line=\toks28
\verbatim@in@stream=\read2
)
\tab@position=\count311
\tab@size=\count312
\listing@line=\count313
)
\g_stm_abs_box=\box56
\casgrabsbox=\box57
\casauhlbox=\box58
\g_stm_key_box=\box59
\g_stm_jtype_int=\count314
\g_stm_blind_int=\count315
\c@au=\count316
\c@cnote=\count317
\c@tnote=\count318
\c@fnote=\count319
\c@aff=\count320
\g_stm_notes_box=\box60
\g_stm_front_box=\box61
\paraindent=\dimen187
\subparaindent=\dimen188
\FullWidth=\dimen189
\l_tbl_width_dim=\dimen190
\l_tbl_abovecap_skip=\skip59
\l_tbl_belowcap_skip=\skip60
\l_tbl_abovetbl_skip=\skip61
\l_tbl_belowtbl_skip=\skip62
\l_fig_width_dim=\dimen191
\cascaptionbox=\box62
\l_fig_abovecap_skip=\skip63
\l_fig_belowcap_skip=\skip64
\l_fig_abovefig_skip=\skip65
\l_fig_belowfig_skip=\skip66

(d:/Program Files/texlive/2023/texmf-dist/tex/latex/wrapfig/wrapfig.sty
\wrapoverhang=\dimen192
\WF@size=\dimen193
\c@WF@wrappedlines=\count321
\WF@box=\box63
\WF@everypar=\toks29
Package: wrapfig 2003/01/31  v 3.6
)
\l_wrap_figwidth_dim=\dimen194
\l_wrap_fighspace_dim=\dimen195
\l_wrap_figvspace_dim=\dimen196
\l_wrap_fighcorr_dim=\dimen197
\l_wrap_figvcorr_dim=\dimen198
\l_above_bio_dim=\dimen199
\l_wrap_figlcorr_int=\count322
\l_wrap_figlines_int=\count323
\l_bio_text_box=\box64
\c@ca_biography_ctr=\count324
\l_ca_temp_inta=\count325
\leftMargin=\dimen256
\@enLab=\toks30
\@sep=\skip67
\@@sep=\skip68
)
(d:/Program Files/texlive/2023/texmf-dist/tex/latex/base/fontenc.sty
Package: fontenc 2021/04/29 v2.0v Standard LaTeX package
)
(d:/Program Files/texlive/2023/texmf-dist/tex/latex/stix/stix.sty
Package: stix 2018/04/17 v1.1.3-latex STIX fonts support package

(d:/Program Files/texlive/2023/texmf-dist/tex/latex/base/textcomp.sty
Package: textcomp 2020/02/02 v2.0n Standard LaTeX package
LaTeX Font Info:    Changing ? sub-encoding to TS1/0 on input line 78.
)
Now handling font encoding LS1 ...
... no UTF-8 mapping file for font encoding LS1
Now handling font encoding LS2 ...
... no UTF-8 mapping file for font encoding LS2
LaTeX Font Info:    Redeclaring symbol font `letters' on input line 76.
LaTeX Font Info:    Encoding `OML' has changed to `LS1' for symbol font
(Font)              `letters' in the math version `normal' on input line 76.
LaTeX Font Info:    Overwriting symbol font `letters' in version `normal'
(Font)                  OML/cmm/m/it --> LS1/stix/m/it on input line 76.
LaTeX Font Info:    Encoding `OML' has changed to `LS1' for symbol font
(Font)              `letters' in the math version `bold' on input line 76.
LaTeX Font Info:    Overwriting symbol font `letters' in version `bold'
(Font)                  OML/cmm/b/it --> LS1/stix/m/it on input line 76.
LaTeX Font Info:    Redeclaring symbol font `operators' on input line 77.
LaTeX Font Info:    Encoding `OT1' has changed to `LS1' for symbol font
(Font)              `operators' in the math version `normal' on input line 77.
LaTeX Font Info:    Overwriting symbol font `operators' in version `normal'
(Font)                  OT1/cmr/m/n --> LS1/stix/m/n on input line 77.
LaTeX Font Info:    Encoding `OT1' has changed to `LS1' for symbol font
(Font)              `operators' in the math version `bold' on input line 77.
LaTeX Font Info:    Overwriting symbol font `operators' in version `bold'
(Font)                  OT1/cmr/bx/n --> LS1/stix/m/n on input line 77.
\symbold-operators=\mathgroup6
LaTeX Font Info:    Redeclaring symbol font `symbols' on input line 79.
LaTeX Font Info:    Encoding `OMS' has changed to `LS1' for symbol font
(Font)              `symbols' in the math version `normal' on input line 79.
LaTeX Font Info:    Overwriting symbol font `symbols' in version `normal'
(Font)                  OMS/cmsy/m/n --> LS1/stixscr/m/n on input line 79.
LaTeX Font Info:    Encoding `OMS' has changed to `LS1' for symbol font
(Font)              `symbols' in the math version `bold' on input line 79.
LaTeX Font Info:    Overwriting symbol font `symbols' in version `bold'
(Font)                  OMS/cmsy/b/n --> LS1/stixscr/m/n on input line 79.
\symsymbols2=\mathgroup7
\symsymbols3=\mathgroup8
\symsymbols4=\mathgroup9
\symintegrals=\mathgroup10
LaTeX Font Info:    Redeclaring symbol font `largesymbols' on input line 84.
LaTeX Font Info:    Encoding `OMX' has changed to `LS2' for symbol font
(Font)              `largesymbols' in the math version `normal' on input line 8
4.
LaTeX Font Info:    Overwriting symbol font `largesymbols' in version `normal'
(Font)                  OMX/cmex/m/n --> LS2/stixex/m/n on input line 84.
LaTeX Font Info:    Encoding `OMX' has changed to `LS2' for symbol font
(Font)              `largesymbols' in the math version `bold' on input line 84.

LaTeX Font Info:    Overwriting symbol font `largesymbols' in version `bold'
(Font)                  OMX/cmex/m/n --> LS2/stixex/m/n on input line 84.
\symarrows1=\mathgroup11
\symarrows2=\mathgroup12
\symarrows3=\mathgroup13
LaTeX Font Info:    Overwriting symbol font `letters' in version `bold'
(Font)                  LS1/stix/m/it --> LS1/stix/b/it on input line 88.
LaTeX Font Info:    Overwriting symbol font `operators' in version `bold'
(Font)                  LS1/stix/m/n --> LS1/stix/b/n on input line 89.
LaTeX Font Info:    Overwriting symbol font `symbols' in version `bold'
(Font)                  LS1/stixscr/m/n --> LS1/stixscr/b/n on input line 90.
LaTeX Font Info:    Overwriting symbol font `symbols2' in version `bold'
(Font)                  LS1/stixfrak/m/n --> LS1/stixfrak/b/n on input line 91.

LaTeX Font Info:    Overwriting symbol font `symbols3' in version `bold'
(Font)                  LS1/stixbb/m/n --> LS1/stixbb/b/n on input line 92.
LaTeX Font Info:    Overwriting symbol font `symbols4' in version `bold'
(Font)                  LS1/stixbb/m/it --> LS1/stixbb/b/it on input line 93.
LaTeX Font Info:    Overwriting symbol font `integrals' in version `bold'
(Font)                  LS2/stixcal/m/n --> LS2/stixcal/b/n on input line 94.
LaTeX Font Info:    Overwriting symbol font `largesymbols' in version `bold'
(Font)                  LS2/stixex/m/n --> LS2/stixex/b/n on input line 95.
LaTeX Font Info:    Overwriting symbol font `arrows1' in version `bold'
(Font)                  LS1/stixsf/m/n --> LS1/stixsf/b/n on input line 96.
LaTeX Font Info:    Overwriting symbol font `arrows2' in version `bold'
(Font)                  LS1/stixsf/m/it --> LS1/stixsf/b/it on input line 97.
LaTeX Font Info:    Overwriting symbol font `arrows3' in version `bold'
(Font)                  LS2/stixtt/m/n --> LS2/stixtt/b/n on input line 98.
LaTeX Font Info:    Redeclaring math alphabet \mathit on input line 99.
LaTeX Font Info:    Redeclaring math alphabet \mathfrak on input line 102.
LaTeX Font Info:    Redeclaring math alphabet \mathsf on input line 106.
LaTeX Font Info:    Redeclaring math alphabet \mathtt on input line 108.
LaTeX Font Info:    Redeclaring math alphabet \mathbf on input line 109.
LaTeX Info: Redefining \yen on input line 456.
LaTeX Info: Redefining \circledR on input line 458.
LaTeX Info: Redefining \checkmark on input line 460.
LaTeX Info: Redefining \maltese on input line 461.
LaTeX Font Info:    Redeclaring math accent \grave on input line 698.
LaTeX Font Info:    Redeclaring math accent \acute on input line 699.
LaTeX Font Info:    Redeclaring math accent \hat on input line 700.
LaTeX Font Info:    Redeclaring math accent \tilde on input line 701.
LaTeX Font Info:    Redeclaring math accent \bar on input line 702.
LaTeX Font Info:    Redeclaring math accent \breve on input line 703.
LaTeX Font Info:    Redeclaring math accent \dot on input line 704.
LaTeX Font Info:    Redeclaring math accent \ddot on input line 705.
LaTeX Font Info:    Redeclaring math accent \mathring on input line 707.
LaTeX Font Info:    Redeclaring math accent \check on input line 708.
LaTeX Font Info:    Redeclaring math accent \vec on input line 716.
LaTeX Font Info:    Redeclaring math accent \widehat on input line 728.
LaTeX Font Info:    Redeclaring math accent \widetilde on input line 729.
LaTeX Info: Redefining \vdots on input line 1518.
LaTeX Info: Redefining \cdots on input line 1522.
LaTeX Font Info:    Redeclaring math symbol \mathsterling on input line 1978.
LaTeX Info: Redefining \not on input line 2144.
)
(d:/Program Files/texlive/2023/texmf-dist/tex/latex/inconsolata/inconsolata.sty
Package: inconsolata 2019/05/17 v1.12
`inconsolata-zi4' v1.12, 2019/05/17 Text macros for Inconsolata (msharpe)
(d:/Program Files/texlive/2023/texmf-dist/tex/latex/xkeyval/xkeyval.sty
Package: xkeyval 2022/06/16 v2.9 package option processing (HA)

(d:/Program Files/texlive/2023/texmf-dist/tex/generic/xkeyval/xkeyval.tex
(d:/Program Files/texlive/2023/texmf-dist/tex/generic/xkeyval/xkvutils.tex
\XKV@toks=\toks31
\XKV@tempa@toks=\toks32
)
\XKV@depth=\count326
File: xkeyval.tex 2014/12/03 v2.7a key=value parser (HA)
))
\zifour@ocount=\count327
)
(d:/Program Files/texlive/2023/texmf-dist/tex/latex/geometry/geometry.sty
Package: geometry 2020/01/02 v5.9 Page Geometry

(d:/Program Files/texlive/2023/texmf-dist/tex/generic/iftex/ifvtex.sty
Package: ifvtex 2019/10/25 v1.7 ifvtex legacy package. Use iftex instead.
)
\Gm@cnth=\count328
\Gm@cntv=\count329
\c@Gm@tempcnt=\count330
\Gm@bindingoffset=\dimen257
\Gm@wd@mp=\dimen258
\Gm@odd@mp=\dimen259
\Gm@even@mp=\dimen260
\Gm@layoutwidth=\dimen261
\Gm@layoutheight=\dimen262
\Gm@layouthoffset=\dimen263
\Gm@layoutvoffset=\dimen264
\Gm@dimlist=\toks33
))
(d:/Program Files/texlive/2023/texmf-dist/tex/latex/natbib/natbib.sty
Package: natbib 2010/09/13 8.31b (PWD, AO)
\bibhang=\skip69
\bibsep=\skip70
LaTeX Info: Redefining \cite on input line 694.
\c@NAT@ctr=\count331
)
(d:/Program Files/texlive/2023/texmf-dist/tex/latex/algorithm2e/algorithm2e.sty
Package: algorithm2e 2017/07/18 v5.2 algorithms environments
\c@AlgoLine=\count332
(d:/Program Files/texlive/2023/texmf-dist/tex/latex/base/ifthen.sty
Package: ifthen 2022/04/13 v1.1d Standard LaTeX ifthen package (DPC)
)
\algocf@hangindent=\skip71

(d:/Program Files/texlive/2023/texmf-dist/tex/latex/ifoddpage/ifoddpage.sty
Package: ifoddpage 2022/10/18 v1.2 Conditionals for odd/even page detection
\c@checkoddpage=\count333
)
(d:/Program Files/texlive/2023/texmf-dist/tex/latex/relsize/relsize.sty
Package: relsize 2013/03/29 ver 4.1
)
\skiptotal=\skip72
\skiplinenumber=\skip73
\skiprule=\skip74
\skiphlne=\skip75
\skiptext=\skip76
\skiplength=\skip77
\algomargin=\skip78
\skipalgocfslide=\skip79
\algowidth=\dimen265
\inoutsize=\dimen266
\inoutindent=\dimen267
\interspacetitleruled=\dimen268
\interspacealgoruled=\dimen269
\interspacetitleboxruled=\dimen270
\algocf@ruledwidth=\skip80
\algocf@inoutbox=\box65
\algocf@inputbox=\box66
\AlCapSkip=\skip81
\AlCapHSkip=\skip82
\algoskipindent=\skip83
\algocf@nlbox=\box67
\algocf@hangingbox=\box68
\algocf@untilbox=\box69
\algocf@skipuntil=\skip84
\algocf@capbox=\box70
\algocf@lcaptionbox=\skip85
\algoheightruledefault=\skip86
\algoheightrule=\skip87
\algotitleheightruledefault=\skip88
\algotitleheightrule=\skip89
\c@algocfline=\count334
\c@algocfproc=\count335
\c@algocf=\count336
\algocf@algoframe=\box71
\algocf@algobox=\box72
)
(d:/Program Files/texlive/2023/texmf-dist/tex/latex/algorithmicx/algpseudocode.
sty
Package: algpseudocode 

(d:/Program Files/texlive/2023/texmf-dist/tex/latex/algorithmicx/algorithmicx.s
ty
Package: algorithmicx 2005/04/27 v1.2 Algorithmicx

Document Style algorithmicx 1.2 - a greatly improved `algorithmic' style
\c@ALG@line=\count337
\c@ALG@rem=\count338
\c@ALG@nested=\count339
\ALG@tlm=\skip90
\ALG@thistlm=\skip91
\c@ALG@Lnr=\count340
\c@ALG@blocknr=\count341
\c@ALG@storecount=\count342
\c@ALG@tmpcounter=\count343
\ALG@tmplength=\skip92
)
Document Style - pseudocode environments for use with the `algorithmicx' style
) (d:/Program Files/texlive/2023/texmf-dist/tex/latex/float/float.sty
Package: float 2001/11/08 v1.3d Float enhancements (AL)
\c@float@type=\count344
\float@exts=\toks34
\float@box=\box73
\@float@everytoks=\toks35
\@floatcapt=\box74
)
LaTeX Font Info:    Trying to load font information for T1+stix on input line 5
9.

(d:/Program Files/texlive/2023/texmf-dist/tex/latex/stix/t1stix.fd
File: t1stix.fd 2015/04/17 v1.1.2-latex STIX T1 font definitions
)
(./cas-dc-template.aux)
\openout1 = `cas-dc-template.aux'.

LaTeX Font Info:    Checking defaults for OML/cmm/m/it on input line 59.
LaTeX Font Info:    ... okay on input line 59.
LaTeX Font Info:    Checking defaults for OMS/cmsy/m/n on input line 59.
LaTeX Font Info:    ... okay on input line 59.
LaTeX Font Info:    Checking defaults for OT1/cmr/m/n on input line 59.
LaTeX Font Info:    ... okay on input line 59.
LaTeX Font Info:    Checking defaults for T1/cmr/m/n on input line 59.
LaTeX Font Info:    ... okay on input line 59.
LaTeX Font Info:    Checking defaults for TS1/cmr/m/n on input line 59.
LaTeX Font Info:    ... okay on input line 59.
LaTeX Font Info:    Checking defaults for OMX/cmex/m/n on input line 59.
LaTeX Font Info:    ... okay on input line 59.
LaTeX Font Info:    Checking defaults for U/cmr/m/n on input line 59.
LaTeX Font Info:    ... okay on input line 59.
LaTeX Font Info:    Checking defaults for PD1/pdf/m/n on input line 59.
LaTeX Font Info:    ... okay on input line 59.
LaTeX Font Info:    Checking defaults for PU/pdf/m/n on input line 59.
LaTeX Font Info:    ... okay on input line 59.
LaTeX Font Info:    Checking defaults for LS1/stix/m/n on input line 59.
LaTeX Font Info:    Trying to load font information for LS1+stix on input line 
59.

(d:/Program Files/texlive/2023/texmf-dist/tex/latex/stix/ls1stix.fd
File: ls1stix.fd 2015/04/17 v1.1.2-latex STIX LS1 font definitions
)
LaTeX Font Info:    ... okay on input line 59.
LaTeX Font Info:    Checking defaults for LS2/stix/m/n on input line 59.
LaTeX Font Info:    Trying to load font information for LS2+stix on input line 
59.

(d:/Program Files/texlive/2023/texmf-dist/tex/latex/stix/ls2stix.fd
File: ls2stix.fd 2015/04/17 v1.1.2-latex STIX LS2 font definitions
)
LaTeX Font Info:    ... okay on input line 59.

(d:/Program Files/texlive/2023/texmf-dist/tex/context/base/mkii/supp-pdf.mkii
[Loading MPS to PDF converter (version 2006.09.02).]
\scratchcounter=\count345
\scratchdimen=\dimen271
\scratchbox=\box75
\nofMPsegments=\count346
\nofMParguments=\count347
\everyMPshowfont=\toks36
\MPscratchCnt=\count348
\MPscratchDim=\dimen272
\MPnumerator=\count349
\makeMPintoPDFobject=\count350
\everyMPtoPDFconversion=\toks37
)
(d:/Program Files/texlive/2023/texmf-dist/tex/latex/epstopdf-pkg/epstopdf-base.
sty
Package: epstopdf-base 2020-01-24 v2.11 Base part for package epstopdf
Package epstopdf-base Info: Redefining graphics rule for `.eps' on input line 4
85.

(d:/Program Files/texlive/2023/texmf-dist/tex/latex/latexconfig/epstopdf-sys.cf
g
File: epstopdf-sys.cfg 2010/07/13 v1.3 Configuration of (r)epstopdf for TeX Liv
e
))
LaTeX Info: Command `\dddot' is already robust on input line 59.
LaTeX Info: Command `\ddddot' is already robust on input line 59.
Package hyperref Info: Link coloring ON on input line 59.
 (./cas-dc-template.out) (./cas-dc-template.out)
\@outlinefile=\write3
\openout3 = `cas-dc-template.out'.


(d:/Program Files/texlive/2023/texmf-dist/tex/latex/upquote/upquote.sty
Package: upquote 2012/04/19 v1.3 upright-quote and grave-accent glyphs in verba
tim
)
*geometry* driver: auto-detecting
*geometry* detected driver: pdftex
*geometry* verbose mode - [ preamble ] result:
* driver: pdftex
* paper: custom
* layout: <same size as paper>
* layoutoffset:(h,v)=(0.0pt,0.0pt)
* modes: 
* h-part:(L,W,R)=(51.4995pt, 494.50888pt, 51.4995pt)
* v-part:(T,H,B)=(55.48286pt, 689.4103pt, 51.784pt)
* \paperwidth=597.50787pt
* \paperheight=796.67715pt
* \textwidth=494.50888pt
* \textheight=689.4103pt
* \oddsidemargin=-20.7705pt
* \evensidemargin=-20.7705pt
* \topmargin=-40.78712pt
* \headheight=12.0pt
* \headsep=12.0pt
* \topskip=10.0pt
* \footskip=12.0pt
* \marginparwidth=57.0pt
* \marginparsep=11.0pt
* \columnsep=18.0pt
* \skip\footins=9.0pt plus 4.0pt minus 2.0pt
* \hoffset=0.0pt
* \voffset=0.0pt
* \mag=1000
* \@twocolumnfalse
* \@twosidefalse
* \@mparswitchfalse
* \@reversemarginfalse
* (1in=72.27pt=25.4mm, 1cm=28.453pt)

\verbatim@out=\write4
\openout4 = `cas-dc-template.abs'.


Overfull \hbox (123.62721pt too wide) detected at line 205
[]
 []

(./cas-dc-template.abs)
LaTeX Font Info:    Trying to load font information for LS1+stixscr on input li
ne 205.

(d:/Program Files/texlive/2023/texmf-dist/tex/latex/stix/ls1stixscr.fd
File: ls1stixscr.fd 2015/04/17 v1.1.2-latex STIX script LS1 font definitions
)
LaTeX Font Info:    Trying to load font information for LS2+stixex on input lin
e 205.

(d:/Program Files/texlive/2023/texmf-dist/tex/latex/stix/ls2stixex.fd
File: ls2stixex.fd 2015/04/17 v1.1.2-latex STIX extentions LS2 font definitions

)
LaTeX Font Info:    Trying to load font information for U+msa on input line 205
.

(d:/Program Files/texlive/2023/texmf-dist/tex/latex/amsfonts/umsa.fd
File: umsa.fd 2013/01/14 v3.01 AMS symbols A
)
LaTeX Font Info:    Trying to load font information for U+msb on input line 205
.

(d:/Program Files/texlive/2023/texmf-dist/tex/latex/amsfonts/umsb.fd
File: umsb.fd 2013/01/14 v3.01 AMS symbols B
)
LaTeX Font Info:    Trying to load font information for LS1+stixfrak on input l
ine 205.

(d:/Program Files/texlive/2023/texmf-dist/tex/latex/stix/ls1stixfrak.fd
File: ls1stixfrak.fd 2015/04/17 v1.1.2-latex STIX fraktur LS1 font definitions
)
LaTeX Font Info:    Trying to load font information for LS1+stixbb on input lin
e 205.

(d:/Program Files/texlive/2023/texmf-dist/tex/latex/stix/ls1stixbb.fd
File: ls1stixbb.fd 2015/04/17 v1.1.2-latex STIX blackboard LS1 font definitions

)
LaTeX Font Info:    Trying to load font information for LS2+stixcal on input li
ne 205.

(d:/Program Files/texlive/2023/texmf-dist/tex/latex/stix/ls2stixcal.fd
File: ls2stixcal.fd 2015/04/17 v1.1.2-latex STIX calligraphic LS2 font definiti
ons
)
LaTeX Font Info:    Trying to load font information for LS1+stixsf on input lin
e 205.

(d:/Program Files/texlive/2023/texmf-dist/tex/latex/stix/ls1stixsf.fd
File: ls1stixsf.fd 2015/04/17 v1.1.2-latex STIX sans-serif LS1 font definitions

)
LaTeX Font Info:    Trying to load font information for LS2+stixtt on input lin
e 205.

(d:/Program Files/texlive/2023/texmf-dist/tex/latex/stix/ls2stixtt.fd
File: ls2stixtt.fd 2015/04/17 v1.1.2-latex STIX typewriter LS2 font definitions

)

Package hyperref Warning: Ignoring empty anchor on input line 205.


Underfull \hbox (badness 1237) in paragraph at lines 217--218
\T1/stix/m/n/10 ag-ing con-sen-sus mech-a-nisms to sup-press ma-li-cious be-
 []


Underfull \hbox (badness 1990) in paragraph at lines 217--218
\T1/stix/m/n/10 re-ward and pun-ish-ment mech-a-nisms, en-hanc-ing sys-tem
 []

LaTeX Font Info:    Trying to load font information for T1+cmss on input line 2
18.
(d:/Program Files/texlive/2023/texmf-dist/tex/latex/base/t1cmss.fd
File: t1cmss.fd 2022/07/10 v2.5l Standard LaTeX font definitions
) [1{d:/Program Files/texlive/2023/texmf-var/fonts/map/pdftex/updmap/pdftex.map
}{d:/Program Files/texlive/2023/texmf-dist/fonts/enc/dvips/stix/stix-t1.enc}


{d:/Program Files/texlive/2023/texmf-dist/fonts/enc/dvips/cm-super/cm-super-t1.
enc}]
Overfull \hbox (6.80551pt too wide) in paragraph at lines 224--225
[]\T1/stix/m/n/10 Proposes a ro-bust ma-li-cious be-hav-ior iden-ti-fi-ca-tion 
method
 []


Overfull \hbox (1.21553pt too wide) in paragraph at lines 224--225
\T1/stix/m/n/10 com-bin-ing mul-ti-ple anomaly de-tec-tion mod-els with smart
 []



pdfTeX warning: pdflatex.exe (file ./figs/1.pdf): PDF inclusion: found PDF vers
ion <1.7>, but at most version <1.5> allowed
<figs/1.pdf, id=64, 440.3652pt x 294.98708pt>
File: figs/1.pdf Graphic file (type pdf)
<use figs/1.pdf>
Package pdftex.def Info: figs/1.pdf  used on input line 231.
(pdftex.def)             Requested size: 232.41812pt x 220.6141pt.

LaTeX Warning: `h' float specifier changed to `ht'.


Overfull \hbox (1.36551pt too wide) in paragraph at lines 243--244
[]\T1/stix/m/n/10 Alternative privacy-preserving tech-niques have also been
 []


Underfull \hbox (badness 1881) in paragraph at lines 243--244
\T1/stix/m/n/10 ho-mo-mor-phic en-cryp-tion, en-abling com-pu-ta-tion on en-
 []


Underfull \hbox (badness 1769) in paragraph at lines 243--244
\T1/stix/m/n/10 im-prove-ments, such as Yang et al.[[]] who de-vel-oped
 []


Overfull \hbox (20.1355pt too wide) in paragraph at lines 243--244
\T1/stix/m/n/10 L2chain for high-performance and con-fi-den-tial layer-2 blockc
hain
 []

[2
pdfTeX warning (ext4): destination with the same identifier (name{figure.1}) ha
s been already used, duplicate ignored
<argument> ...shipout:D \box_use:N \l_shipout_box 
                                                  \__shipout_drop_firstpage_...
l.244 
       <./figs/1.pdf>]
Underfull \hbox (badness 1286) in paragraph at lines 245--246
\T1/stix/m/n/10 crit-i-cal chal-lenge in fed-er-ated learn-ing sys-tems. Sun et

 []


Underfull \hbox (badness 1675) in paragraph at lines 245--246
\T1/stix/m/n/10 sys-tem to com-pen-sate par-tic-i-pants based on their con-
 []


Underfull \hbox (badness 1189) in paragraph at lines 245--246
\T1/stix/m/n/10 who in-tro-duced BagChain, a dual-functional blockchain
 []

[3]
Overfull \hbox (3.72551pt too wide) in paragraph at lines 292--293
[]\T1/stix/m/n/10 The fun-da-men-tal in-sight un-der-ly-ing iFor-est is that an
oma-
 []

[4]
Overfull \hbox (7.28456pt too wide) in paragraph at lines 314--355
 [][] 
 []



pdfTeX warning: pdflatex.exe (file ./figs/2.pdf): PDF inclusion: found PDF vers
ion <1.7>, but at most version <1.5> allowed
<figs/2.pdf, id=195, 963.6pt x 542.025pt>
File: figs/2.pdf Graphic file (type pdf)
<use figs/2.pdf>
Package pdftex.def Info: figs/2.pdf  used on input line 361.
(pdftex.def)             Requested size: 469.7715pt x 310.2394pt.

Underfull \hbox (badness 1297) in paragraph at lines 370--372
[]\T1/stix/m/n/10 Participating Nodes: key en-ti-ties ex-e-cut-ing fed-er-ated
 []

[5
pdfTeX warning (ext4): destination with the same identifier (name{figure.2}) ha
s been already used, duplicate ignored
<argument> ...shipout:D \box_use:N \l_shipout_box 
                                                  \__shipout_drop_firstpage_...
l.377 	\item B
              lockchain Network ($B$): As the system's infrastructure, respo...
 <./figs/2.pdf>]

pdfTeX warning: pdflatex.exe (file ./figs/3.pdf): PDF inclusion: found PDF vers
ion <1.7>, but at most version <1.5> allowed
<figs/3.pdf, id=279, 414.01778pt x 651.73137pt>
File: figs/3.pdf Graphic file (type pdf)
<use figs/3.pdf>
Package pdftex.def Info: figs/3.pdf  used on input line 388.
(pdftex.def)             Requested size: 242.30997pt x 330.91673pt.

Overfull \hbox (4.05553pt too wide) in paragraph at lines 388--389
 [][] 
 []

[6
pdfTeX warning (ext4): destination with the same identifier (name{table.1}) has
 been already used, duplicate ignored
<argument> ...shipout:D \box_use:N \l_shipout_box 
                                                  \__shipout_drop_firstpage_...
l.396 \textit{Step 2. }
                       Training node registration and election.Participants ...

pdfTeX warning (ext4): destination with the same identifier (name{figure.3}) ha
s been already used, duplicate ignored
<argument> ...shipout:D \box_use:N \l_shipout_box 
                                                  \__shipout_drop_firstpage_...
l.396 \textit{Step 2. }
                       Training node registration and election.Participants ...
 <./figs/3.pdf>]
Overfull \hbox (6.43045pt too wide) in paragraph at lines 396--397
[]\T1/stix/m/it/10 Step 2. \T1/stix/m/n/10 Train-ing node reg-is-tra-tion and e
lec-tion.Participants
 []

[7
pdfTeX warning (ext4): destination with the same identifier (name{algocf.1}) ha
s been already used, duplicate ignored
<argument> ...shipout:D \box_use:N \l_shipout_box 
                                                  \__shipout_drop_firstpage_...
l.453 \end{equation}
                    ]
Overfull \hbox (1.0957pt too wide) in paragraph at lines 548--549
\T1/stix/m/n/10 tion nodes to form a val-i-da-tion group $\LS1/stix/m/it/10 V \
LS1/stix/m/n/10 = ^\LS1/stix/m/it/10 v[]; v[]; :::; v[]\LS1/stix/m/n/10 `$\T1/s
tix/m/n/10 . 
 []

[8
pdfTeX warning (ext4): destination with the same identifier (name{algocf.2}) ha
s been already used, duplicate ignored
<argument> ...shipout:D \box_use:N \l_shipout_box 
                                                  \__shipout_drop_firstpage_...
l.562 		\begin{equation}
                        ] [9
pdfTeX warning (ext4): destination with the same identifier (name{algocf.3}) ha
s been already used, duplicate ignored
<argument> ...shipout:D \box_use:N \l_shipout_box 
                                                  \__shipout_drop_firstpage_...
l.640 A
       t the beginning of the task, the publisher sets the total reward toke...
] [10
pdfTeX warning (ext4): destination with the same identifier (name{algocf.4}) ha
s been already used, duplicate ignored
<argument> ...shipout:D \box_use:N \l_shipout_box 
                                                  \__shipout_drop_firstpage_...
l.730 \subsection
                 {Experimental Environment and Configuration}
pdfTeX warning (ext4): destination with the same identifier (name{algocf.5}) ha
s been already used, duplicate ignored
<argument> ...shipout:D \box_use:N \l_shipout_box 
                                                  \__shipout_drop_firstpage_...
l.730 \subsection
                 {Experimental Environment and Configuration}]
LaTeX Font Info:    Trying to load font information for TS1+cmss on input line 
747.

(d:/Program Files/texlive/2023/texmf-dist/tex/latex/base/ts1cmss.fd
File: ts1cmss.fd 2022/07/10 v2.5l Standard LaTeX font definitions
)
LaTeX Font Info:    Trying to load font information for TS1+stix on input line 
762.

(d:/Program Files/texlive/2023/texmf-dist/tex/latex/stix/ts1stix.fd
File: ts1stix.fd 2015/04/17 v1.1.2-latex STIX TS1 font definitions
)
Overfull \hbox (3.68382pt too wide) in paragraph at lines 768--769
[]\T1/stix/m/n/10 Privacy-Preserving Server-less FL for IoT (PSFL-IoT)[[]]:
 []


Overfull \hbox (3.1205pt too wide) in paragraph at lines 768--769
\T1/stix/m/n/10 party com-pu-ta-tion. The ap-proach elim-i-nates cen-tral serve
r
 []


Overfull \hbox (1.90468pt too wide) in paragraph at lines 774--775
[]\T1/stix/m/n/10 Federated Learn-ing in IoT with Ma-li-cious Nodes (FedIoT-
 []


Underfull \hbox (badness 1571) in paragraph at lines 774--775
\T1/stix/m/n/10 the Fe-dIoTs framework[[]]. We in-tro-duce ma-li-cious
 []


Underfull \hbox (badness 1152) in paragraph at lines 774--775
\T1/stix/m/n/10 un-der ad-ver-sar-ial con-di-tions, pro-vid-ing a rep-re-sen-ta
-
 []


Underfull \hbox (badness 2057) in paragraph at lines 798--799
\T1/stix/m/n/10 and FM-NIST re-spec-tively, show-ing com-pet-i-tive per-for-
 []

[11
pdfTeX warning (ext4): destination with the same identifier (name{algocf.6}) ha
s been already used, duplicate ignored
<argument> ...shipout:D \box_use:N \l_shipout_box 
                                                  \__shipout_drop_firstpage_...
l.799 
      {d:/Program Files/texlive/2023/texmf-dist/fonts/enc/dvips/stix/stix-ts1.e
nc}] [12
pdfTeX warning (ext4): destination with the same identifier (name{table.2}) has
 been already used, duplicate ignored
<argument> ...shipout:D \box_use:N \l_shipout_box 
                                                  \__shipout_drop_firstpage_...
l.807 
      {d:/Program Files/texlive/2023/texmf-dist/fonts/enc/dvips/cm-super/cm-sup
er-ts1.enc}
pdfTeX warning (ext4): destination with the same identifier (name{table.3}) has
 been already used, duplicate ignored
<argument> ...shipout:D \box_use:N \l_shipout_box 
                                                  \__shipout_drop_firstpage_...
l.807 
      ]

pdfTeX warning: pdflatex.exe (file ./figs/4a.pdf): PDF inclusion: found PDF ver
sion <1.7>, but at most version <1.5> allowed
<figs/4a.pdf, id=502, 331.30446pt x 258.37328pt>
File: figs/4a.pdf Graphic file (type pdf)
<use figs/4a.pdf>
Package pdftex.def Info: figs/4a.pdf  used on input line 812.
(pdftex.def)             Requested size: 158.24646pt x 123.41061pt.


pdfTeX warning: pdflatex.exe (file ./figs/4b.pdf): PDF inclusion: found PDF ver
sion <1.7>, but at most version <1.5> allowed
<figs/4b.pdf, id=503, 331.83975pt x 254.14949pt>
File: figs/4b.pdf Graphic file (type pdf)
<use figs/4b.pdf>
Package pdftex.def Info: figs/4b.pdf  used on input line 817.
(pdftex.def)             Requested size: 158.24646pt x 121.19925pt.


pdfTeX warning: pdflatex.exe (file ./figs/4c.pdf): PDF inclusion: found PDF ver
sion <1.7>, but at most version <1.5> allowed
<figs/4c.pdf, id=504, 330.63524pt x 252.34274pt>
File: figs/4c.pdf Graphic file (type pdf)
<use figs/4c.pdf>
Package pdftex.def Info: figs/4c.pdf  used on input line 822.
(pdftex.def)             Requested size: 158.24646pt x 120.7766pt.


pdfTeX warning: pdflatex.exe (file ./figs/5a.pdf): PDF inclusion: found PDF ver
sion <1.7>, but at most version <1.5> allowed
<figs/5a.pdf, id=505, 330.63524pt x 252.34274pt>
File: figs/5a.pdf Graphic file (type pdf)
<use figs/5a.pdf>
Package pdftex.def Info: figs/5a.pdf  used on input line 836.
(pdftex.def)             Requested size: 158.24646pt x 120.7766pt.


pdfTeX warning: pdflatex.exe (file ./figs/5b.pdf): PDF inclusion: found PDF ver
sion <1.7>, but at most version <1.5> allowed
<figs/5b.pdf, id=506, 330.03299pt x 252.34274pt>
File: figs/5b.pdf Graphic file (type pdf)
<use figs/5b.pdf>
Package pdftex.def Info: figs/5b.pdf  used on input line 841.
(pdftex.def)             Requested size: 158.24646pt x 120.99222pt.


pdfTeX warning: pdflatex.exe (file ./figs/5c.pdf): PDF inclusion: found PDF ver
sion <1.7>, but at most version <1.5> allowed
<figs/5c.pdf, id=507, 332.44202pt x 252.945pt>
File: figs/5c.pdf Graphic file (type pdf)
<use figs/5c.pdf>
Package pdftex.def Info: figs/5c.pdf  used on input line 846.
(pdftex.def)             Requested size: 158.24646pt x 120.40485pt.


pdfTeX warning: pdflatex.exe (file ./figs/7.pdf): PDF inclusion: found PDF vers
ion <1.7>, but at most version <1.5> allowed
<figs/7.pdf, id=510, 325.81726pt x 296.307pt>
File: figs/7.pdf Graphic file (type pdf)
<use figs/7.pdf>
Package pdftex.def Info: figs/7.pdf  used on input line 861.
(pdftex.def)             Requested size: 211.7787pt x 192.59726pt.

LaTeX Warning: `h' float specifier changed to `ht'.



pdfTeX warning: pdflatex.exe (file ./figs/6.pdf): PDF inclusion: found PDF vers
ion <1.7>, but at most version <1.5> allowed
<figs/6.pdf, id=511, 331.2375pt x 283.0575pt>
File: figs/6.pdf Graphic file (type pdf)
<use figs/6.pdf>
Package pdftex.def Info: figs/6.pdf  used on input line 869.
(pdftex.def)             Requested size: 215.30182pt x 183.98518pt.

LaTeX Warning: `h' float specifier changed to `ht'.

[13
pdfTeX warning (ext4): destination with the same identifier (name{figure.4}) ha
s been already used, duplicate ignored
<argument> ...shipout:D \box_use:N \l_shipout_box 
                                                  \__shipout_drop_firstpage_...
l.876 
      
pdfTeX warning (ext4): destination with the same identifier (name{figure.5}) ha
s been already used, duplicate ignored
<argument> ...shipout:D \box_use:N \l_shipout_box 
                                                  \__shipout_drop_firstpage_...
l.876 
       <./figs/4a.pdf> <./figs/4b.pdf

pdfTeX warning: pdflatex.exe (file ./figs/4b.pdf): PDF inclusion: multiple pdfs
 with page group included in a single page
> <./figs/4c.pdf

pdfTeX warning: pdflatex.exe (file ./figs/4c.pdf): PDF inclusion: multiple pdfs
 with page group included in a single page
> <./figs/5a.pdf

pdfTeX warning: pdflatex.exe (file ./figs/5a.pdf): PDF inclusion: multiple pdfs
 with page group included in a single page
> <./figs/5b.pdf

pdfTeX warning: pdflatex.exe (file ./figs/5b.pdf): PDF inclusion: multiple pdfs
 with page group included in a single page
> <./figs/5c.pdf

pdfTeX warning: pdflatex.exe (file ./figs/5c.pdf): PDF inclusion: multiple pdfs
 with page group included in a single page
>]

pdfTeX warning: pdflatex.exe (file ./figs/8.pdf): PDF inclusion: found PDF vers
ion <1.7>, but at most version <1.5> allowed
<figs/8.pdf, id=845, 392.667pt x 243.56798pt>
File: figs/8.pdf Graphic file (type pdf)
<use figs/8.pdf>
Package pdftex.def Info: figs/8.pdf  used on input line 909.
(pdftex.def)             Requested size: 222.52832pt x 165.4642pt.

LaTeX Warning: `h' float specifier changed to `ht'.

[14
pdfTeX warning (ext4): destination with the same identifier (name{table.4}) has
 been already used, duplicate ignored
<argument> ...shipout:D \box_use:N \l_shipout_box 
                                                  \__shipout_drop_firstpage_...
l.918 		
        
pdfTeX warning (ext4): destination with the same identifier (name{figure.6}) ha
s been already used, duplicate ignored
<argument> ...shipout:D \box_use:N \l_shipout_box 
                                                  \__shipout_drop_firstpage_...
l.918 		
        
pdfTeX warning (ext4): destination with the same identifier (name{figure.7}) ha
s been already used, duplicate ignored
<argument> ...shipout:D \box_use:N \l_shipout_box 
                                                  \__shipout_drop_firstpage_...
l.918 		
         <./figs/7.pdf> <./figs/6.pdf

pdfTeX warning: pdflatex.exe (file ./figs/6.pdf): PDF inclusion: multiple pdfs 
with page group included in a single page
>] (./cas-dc-template.bbl
Underfull \hbox (badness 10000) in paragraph at lines 130--135
[]\T1/stix/m/n/8 Noora Mo-hammed Al-Maslamani, Mo-hamed Ab-dal-lah, and
 []


Underfull \hbox (badness 1005) in paragraph at lines 130--135
\T1/stix/m/n/8 Bekir Sait Ciftler.  Reputation-aware multi-agent drl for se-cur
e
 []

[15
pdfTeX warning (ext4): destination with the same identifier (name{figure.8}) ha
s been already used, duplicate ignored
<argument> ...shipout:D \box_use:N \l_shipout_box 
                                                  \__shipout_drop_firstpage_...
l.171 
       <./figs/8.pdf>]
Underfull \hbox (badness 3838) in paragraph at lines 179--184
\T1/stix/m/n/8 ong Ye, Shui Yu, and Wan-lei Zhou.  Fed-er-ated trustchain:
 []


Underfull \hbox (badness 1454) in paragraph at lines 201--208
\T1/stix/m/n/8 Yu-nisa Sun-day, Prayag Ti-wari, Deepak Gupta, Ghu-lam Hafeez,
 []


Underfull \hbox (badness 3838) in paragraph at lines 201--208
\T1/stix/m/n/8 Adamu Sani Ya-haya, Oluwaseun Jumoke Fa-toba, and Sha-hab
 []


Underfull \hbox (badness 2027) in paragraph at lines 224--230
\T1/stix/m/n/8 Blockchain-based fed-er-ated learn-ing with se-cure ag-gre-ga-ti
on in
 []


Underfull \hbox (badness 2426) in paragraph at lines 262--266
[]\T1/stix/m/n/8 Zixiang Cui, Xin-tong Ling, Xingyu Zhou, Ji-a-heng Wang, Zhi
 []


Underfull \hbox (badness 1571) in paragraph at lines 262--266
\T1/stix/m/n/8 Ding, and Xiqi Gao.  Bagchain: A dual-functional blockchain
 []


Underfull \hbox (badness 2512) in paragraph at lines 262--266
\T1/stix/m/n/8 lever-ag-ing bagging-based dis-tributed learn-ing.  \T1/stix/m/i
t/8 arXiv preprint
 []


Underfull \hbox (badness 1226) in paragraph at lines 307--311
\T1/stix/m/it/8 works and Enterprise-Level Prac-tices\T1/stix/m/n/8 , pages 273
--292. Springer,
 []

) [16] (./cas-dc-template.aux)
Package rerunfilecheck Info: File `cas-dc-template.out' has not changed.
(rerunfilecheck)             Checksum: D41D8CD98F00B204E9800998ECF8427E;0.
 ) 
Here is how much of TeX's memory you used:
 18890 strings out of 476025
 290207 string characters out of 5786996
 1887382 words of memory out of 5000000
 38777 multiletter control sequences out of 15000+600000
 611492 words of font info for 142 fonts, out of 8000000 for 9000
 1141 hyphenation exceptions out of 8191
 90i,21n,93p,1697b,653s stack positions out of 10000i,1000n,20000p,200000b,200000s
<d:/Program Files/texlive/2023/texmf-dist/fonts/type1/public/stix/STIXGeneral
-Bold.pfb><d:/Program Files/texlive/2023/texmf-dist/fonts/type1/public/stix/STI
XGeneral-BoldItalic.pfb><d:/Program Files/texlive/2023/texmf-dist/fonts/type1/p
ublic/stix/STIXGeneral-Italic.pfb><d:/Program Files/texlive/2023/texmf-dist/fon
ts/type1/public/stix/STIXGeneral-Regular.pfb><d:/Program Files/texlive/2023/tex
mf-dist/fonts/type1/public/cm-super/sfss0900.pfb><d:/Program Files/texlive/2023
/texmf-dist/fonts/type1/public/cm-super/sfsx0900.pfb><d:/Program Files/texlive/
2023/texmf-dist/fonts/type1/public/stix/stix-mathcal.pfb><d:/Program Files/texl
ive/2023/texmf-dist/fonts/type1/public/stix/stix-mathex.pfb><d:/Program Files/t
exlive/2023/texmf-dist/fonts/type1/public/stix/stix-mathit.pfb><d:/Program File
s/texlive/2023/texmf-dist/fonts/type1/public/stix/stix-mathrm.pfb><d:/Program F
iles/texlive/2023/texmf-dist/fonts/type1/public/stix/stix-mathscr.pfb>
Output written on cas-dc-template.pdf (16 pages, 2487989 bytes).
PDF statistics:
 1131 PDF objects out of 1200 (max. 8388607)
 835 compressed objects within 9 object streams
 231 named destinations out of 1000 (max. 500000)
 61 words of extra memory for PDF output out of 10000 (max. 10000000)

